<?xml version="1.0" encoding="UTF-8"?>
<testng-results total="1" passed="1" failed="0" skipped="0">
  <reporter-output>
  </reporter-output>
  <suite started-at="2022-06-01T10:27:34Z" name="Sample Test Suite" finished-at="2022-06-01T10:27:52Z" duration-ms="18738">
    <groups>
    </groups>
    <test started-at="2022-06-01T10:27:34Z" name="Test Automation" finished-at="2022-06-01T10:27:52Z" duration-ms="18738">
      <class name="testCases.PurchaseTest">
        <test-method is-config="true" signature="setuUp()[pri:0, instance:testCases.PurchaseTest@31ea9581]" started-at="2022-06-01T12:27:34Z" name="setuUp" finished-at="2022-06-01T12:27:34Z" duration-ms="162" status="PASS">
          <reporter-output>
          </reporter-output>
        </test-method> <!-- setuUp -->
        <test-method is-config="true" signature="beforeMethod(java.lang.String, java.lang.reflect.Method)[pri:0, instance:testCases.PurchaseTest@31ea9581]" started-at="2022-06-01T12:27:34Z" name="beforeMethod" finished-at="2022-06-01T12:27:40Z" duration-ms="6350" status="PASS">
          <params>
            <param index="0">
              <value>
                <![CDATA[chrome]]>
              </value>
            </param>
            <param index="1">
              <value>
                <![CDATA[public void testCases.PurchaseTest.purchaseMethod()]]>
              </value>
            </param>
          </params>
          <reporter-output>
          </reporter-output>
        </test-method> <!-- beforeMethod -->
        <test-method signature="purchaseMethod()[pri:0, instance:testCases.PurchaseTest@31ea9581]" started-at="2022-06-01T12:27:40Z" name="purchaseMethod" finished-at="2022-06-01T12:27:51Z" duration-ms="10948" status="PASS">
          <reporter-output>
          </reporter-output>
        </test-method> <!-- purchaseMethod -->
        <test-method is-config="true" signature="afterMethod(org.testng.ITestResult)[pri:0, instance:testCases.PurchaseTest@31ea9581]" started-at="2022-06-01T12:27:51Z" name="afterMethod" finished-at="2022-06-01T12:27:52Z" duration-ms="1012" status="PASS">
          <params>
            <param index="0">
              <value>
                <![CDATA[[TestResult name=purchaseMethod status=SUCCESS method=PurchaseTest.purchaseMethod()[pri:0, instance:testCases.PurchaseTest@31ea9581] output={null}]]]>
              </value>
            </param>
          </params>
          <reporter-output>
          </reporter-output>
        </test-method> <!-- afterMethod -->
        <test-method is-config="true" signature="tearDown()[pri:0, instance:testCases.PurchaseTest@31ea9581]" started-at="2022-06-01T12:27:52Z" name="tearDown" finished-at="2022-06-01T12:27:52Z" duration-ms="255" status="PASS">
          <reporter-output>
          </reporter-output>
        </test-method> <!-- tearDown -->
      </class> <!-- testCases.PurchaseTest -->
    </test> <!-- Test Automation -->
  </suite> <!-- Sample Test Suite -->
</testng-results>
